Id : 1
Winner : 2567
Target : 0
Solution : 08916551 (validated)
Votes : 1/1
Wallets : 2567:1

Id : 2
Winner : 2567
Target : 8916551
Solution : 05970796 (validated)
Votes : 2/2
Wallets : 2567:2

Id : 3
Winner : 2567
Target : 5970796
Solution : 00937352 (validated)
Votes : 3/3
Wallets : 2567:3

Id : 4
Winner : 2567
Target : 937352
Solution : 01835314 (validated)
Votes : 4/4
Wallets : 2567:4

Id : 5
Winner : 2567
Target : 1835314
Solution : 09331340 (validated)
Votes : 5/5
Wallets : 2567:5

Id : 6
Winner : 2567
Target : 9331340
Solution : 02986686 (validated)
Votes : 6/6
Wallets : 2567:6

Id : 7
Winner : 2567
Target : 2986686
Solution : 07299854 (validated)
Votes : 7/7
Wallets : 2567:7

Id : 8
Winner : 2567
Target : 7299854
Solution : 03981310 (validated)
Votes : 8/8
Wallets : 2567:8

Id : 9
Winner : 2567
Target : 3981310
Solution : 08021305 (validated)
Votes : 9/9
Wallets : 2567:9

Id : 10
Winner : 2567
Target : 8021305
Solution : 04673876 (validated)
Votes : 10/10
Wallets : 2567:10

Id : 11
Winner : 2567
Target : 4673876
Solution : 02013491 (validated)
Votes : 11/11
Wallets : 2567:11

Id : 12
Winner : 2567
Target : 2013491
Solution : 06435300 (validated)
Votes : 12/12
Wallets : 2567:12

Id : 13
Winner : 2567
Target : 6435300
Solution : 03077079 (validated)
Votes : 13/13
Wallets : 2567:13

Id : 14
Winner : 2567
Target : 3077079
Solution : 05218179 (validated)
Votes : 14/14
Wallets : 2567:14

Id : 16
Winner : 2567
Target : 787429
Solution : 07952220 (validated)
Votes : 16/16
Wallets : 2567:16

Id : 17
Winner : 2567
Target : 7952220
Solution : 02000011 (validated)
Votes : 17/17
Wallets : 2567:17

Id : 18
Winner : 2567
Target : 2000011
Solution : 09327418 (validated)
Votes : 18/18
Wallets : 2567:18

Id : 19
Winner : 2567
Target : 9327418
Solution : 08405727 (validated)
Votes : 19/19
Wallets : 2567:19

Id : 20
Winner : 2567
Target : 8405727
Solution : 01457266 (validated)
Votes : 20/20
Wallets : 2567:20

Id : 21
Winner : 2567
Target : 1457266
Solution : 01446753 (validated)
Votes : 21/21
Wallets : 2567:21

Id : 22
Winner : 2567
Target : 1446753
Solution : 07216332 (validated)
Votes : 22/22
Wallets : 2567:22

Id : 23
Winner : 2567
Target : 7216332
Solution : 08619049 (validated)
Votes : 23/23
Wallets : 2567:23

Id : 24
Winner : 2567
Target : 8619049
Solution : 03117528 (validated)
Votes : 24/24
Wallets : 2567:24

Id : 25
Winner : 2567
Target : 3117528
Solution : 03990700 (validated)
Votes : 25/25
Wallets : 2567:25

Id : 26
Winner : 2567
Target : 3990700
Solution : 04805188 (validated)
Votes : 26/26
Wallets : 2567:26

Id : 28
Winner : 2567
Target : 12670
Solution : 05471382 (validated)
Votes : 28/28
Wallets : 2567:28

Id : 29
Winner : 2567
Target : 5471382
Solution : 09892035 (validated)
Votes : 29/29
Wallets : 2567:29

Id : 30
Winner : 2567
Target : 9892035
Solution : 05102694 (validated)
Votes : 30/30
Wallets : 2567:30

Id : 32
Winner : 2567
Target : 622273
Solution : 07976003 (validated)
Votes : 32/32
Wallets : 2567:32

Id : 33
Winner : 2567
Target : 7976003
Solution : 06154908 (validated)
Votes : 33/33
Wallets : 2567:33

Id : 34
Winner : 2567
Target : 6154908
Solution : 05734742 (validated)
Votes : 34/34
Wallets : 2567:34

Id : 35
Winner : 2567
Target : 5734742
Solution : 02961610 (validated)
Votes : 35/35
Wallets : 2567:35

Id : 36
Winner : 2567
Target : 2961610
Solution : 06076060 (validated)
Votes : 36/36
Wallets : 2567:36

Id : 37
Winner : 2567
Target : 6076060
Solution : 03047694 (validated)
Votes : 37/37
Wallets : 2567:37

Id : 38
Winner : 2567
Target : 3047694
Solution : 09038105 (validated)
Votes : 38/38
Wallets : 2567:38

Id : 39
Winner : 2567
Target : 9038105
Solution : 03651635 (validated)
Votes : 39/39
Wallets : 2567:39

Id : 40
Winner : 2567
Target : 3651635
Solution : 03184039 (validated)
Votes : 40/40
Wallets : 2567:40

Id : 41
Winner : 2567
Target : 3184039
Solution : 05795776 (validated)
Votes : 41/41
Wallets : 2567:41

Id : 42
Winner : 2567
Target : 5795776
Solution : 05112584 (validated)
Votes : 42/42
Wallets : 2567:42

Id : 43
Winner : 2567
Target : 5112584
Solution : 06881244 (validated)
Votes : 43/43
Wallets : 2567:43

Id : 44
Winner : 2567
Target : 6881244
Solution : 08219829 (validated)
Votes : 44/44
Wallets : 2567:44

