Id : 1
Winner : 2585
Target : 10
Solution : 08306237 (validated)
Votes : 1/1
Wallets : 2585:1

Id : 2
Winner : 2585
Target : 8306237
Solution : 04869173 (validated)
Votes : 2/2
Wallets : 2585:2

Id : 3
Winner : 2585
Target : 4869173
Solution : 04018068 (validated)
Votes : 3/3
Wallets : 2585:3

Id : 4
Winner : 2585
Target : 4018068
Solution : 00114153 (validated)
Votes : 4/4
Wallets : 2585:4

Id : 5
Winner : 2585
Target : 114153
Solution : 06394877 (validated)
Votes : 5/5
Wallets : 2585:5

Id : 6
Winner : 2585
Target : 6394877
Solution : 04717281 (validated)
Votes : 6/6
Wallets : 2585:6

Id : 7
Winner : 2585
Target : 4717281
Solution : 02335279 (validated)
Votes : 7/7
Wallets : 2585:7

Id : 8
Winner : 2585
Target : 2335279
Solution : 08738683 (validated)
Votes : 8/8
Wallets : 2585:8

Id : 9
Winner : 2585
Target : 8738683
Solution : 08003988 (validated)
Votes : 9/9
Wallets : 2585:9

Id : 10
Winner : 2585
Target : 8003988
Solution : 07797366 (validated)
Votes : 10/10
Wallets : 2585:10

