Id : 1
Winner : 3142
Target : 0
Solution : 08916551 (validated)
Votes : 2/2
Wallets : 3142:1

Id : 2
Winner : 3142
Target : 8916551
Solution : 05970796 (validated)
Votes : 2/2
Wallets : 3142:2

Id : 4
Winner : 3142
Target : 937352
Solution : 01835314 (validated)
Votes : 2/2
Wallets : 3142:3

Id : 5
Winner : 3142
Target : 1835314
Solution : 09331340 (validated)
Votes : 2/2
Wallets : 3142:4

Id : 6
Winner : 3142
Target : 9331340
Solution : 02986686 (validated)
Votes : 2/2
Wallets : 3142:5

Id : 7
Winner : 3142
Target : 2986686
Solution : 07299854 (validated)
Votes : 2/2
Wallets : 3142:6

Id : 8
Winner : 3142
Target : 7299854
Solution : 03981310 (validated)
Votes : 2/2
Wallets : 3142:7

Id : 9
Winner : 3142
Target : 3981310
Solution : 08021305 (validated)
Votes : 2/2
Wallets : 3142:8

Id : 10
Winner : 3142
Target : 8021305
Solution : 04673876 (validated)
Votes : 2/2
Wallets : 3142:9

Id : 11
Winner : 3142
Target : 4673876
Solution : 02013491 (validated)
Votes : 2/2
Wallets : 3142:10

Id : 12
Winner : 3142
Target : 2013491
Solution : 06435300 (validated)
Votes : 2/2
Wallets : 3142:11

Id : 13
Winner : 3142
Target : 6435300
Solution : 03077079 (validated)
Votes : 2/2
Wallets : 3142:12

Id : 14
Winner : 3142
Target : 3077079
Solution : 05218179 (validated)
Votes : 2/2
Wallets : 3142:13

Id : 15
Winner : 3142
Target : 5218179
Solution : 00787429 (validated)
Votes : 2/2
Wallets : 3142:14

Id : 16
Winner : 3142
Target : 787429
Solution : 07952220 (validated)
Votes : 2/2
Wallets : 3142:15

Id : 17
Winner : 3142
Target : 7952220
Solution : 02000011 (validated)
Votes : 2/2
Wallets : 3142:16

Id : 18
Winner : 3142
Target : 2000011
Solution : 09327418 (validated)
Votes : 2/2
Wallets : 3142:17

Id : 19
Winner : 3142
Target : 9327418
Solution : 08405727 (validated)
Votes : 2/2
Wallets : 3142:18

Id : 20
Winner : 3142
Target : 8405727
Solution : 01457266 (validated)
Votes : 2/2
Wallets : 3142:19

Id : 21
Winner : 3142
Target : 1457266
Solution : 01446753 (validated)
Votes : 2/2
Wallets : 3142:20

Id : 22
Winner : 3142
Target : 1446753
Solution : 07216332 (validated)
Votes : 2/2
Wallets : 3142:21

Id : 23
Winner : 3142
Target : 7216332
Solution : 08619049 (validated)
Votes : 2/2
Wallets : 3142:22

Id : 24
Winner : 3142
Target : 8619049
Solution : 03117528 (validated)
Votes : 2/2
Wallets : 3142:23

Id : 25
Winner : 3142
Target : 3117528
Solution : 03990700 (validated)
Votes : 2/2
Wallets : 3142:24

Id : 26
Winner : 3142
Target : 3990700
Solution : 04805188 (validated)
Votes : 2/2
Wallets : 3142:25

Id : 28
Winner : 3142
Target : 12670
Solution : 05471382 (validated)
Votes : 2/2
Wallets : 3142:26

Id : 29
Winner : 3142
Target : 5471382
Solution : 09892035 (validated)
Votes : 2/2
Wallets : 3142:27

Id : 30
Winner : 3142
Target : 9892035
Solution : 05102694 (validated)
Votes : 2/2
Wallets : 3142:28

Id : 32
Winner : 3142
Target : 622273
Solution : 07976003 (validated)
Votes : 2/2
Wallets : 3142:29

Id : 33
Winner : 3142
Target : 7976003
Solution : 06154908 (validated)
Votes : 2/2
Wallets : 3142:30

Id : 34
Winner : 3142
Target : 6154908
Solution : 05734742 (validated)
Votes : 2/2
Wallets : 3142:31

Id : 35
Winner : 3142
Target : 5734742
Solution : 02961610 (validated)
Votes : 2/2
Wallets : 3142:32

Id : 36
Winner : 3142
Target : 2961610
Solution : 06076060 (validated)
Votes : 2/2
Wallets : 3142:33

Id : 37
Winner : 3142
Target : 6076060
Solution : 03047694 (validated)
Votes : 2/2
Wallets : 3142:34

Id : 38
Winner : 3142
Target : 3047694
Solution : 09038105 (validated)
Votes : 2/2
Wallets : 3142:35

Id : 39
Winner : 3142
Target : 9038105
Solution : 03651635 (validated)
Votes : 2/2
Wallets : 3142:36

Id : 40
Winner : 3142
Target : 3651635
Solution : 03184039 (validated)
Votes : 2/2
Wallets : 3142:37

Id : 41
Winner : 3142
Target : 3184039
Solution : 05795776 (validated)
Votes : 2/2
Wallets : 3142:38

Id : 42
Winner : 3142
Target : 5795776
Solution : 05112584 (validated)
Votes : 2/2
Wallets : 3142:39

Id : 43
Winner : 3142
Target : 5112584
Solution : 06881244 (validated)
Votes : 2/2
Wallets : 3142:40

Id : 44
Winner : 3142
Target : 6881244
Solution : 08219829 (validated)
Votes : 2/2
Wallets : 3142:41

Id : 45
Winner : 3142
Target : 8219829
Solution : 03685447 (validated)
Votes : 2/2
Wallets : 3142:42

